<?xml version="1.0" encoding="UTF-8"?>
<!-- Generated by org.testng.reporters.JUnitXMLReporter -->
<testsuite ignored="0" hostname="IRSYADMA" failures="0" tests="3" name="Default test" time="16.087" errors="0" timestamp="2022-11-26T15:10:07 ICT">
  <testcase classname="com.test.kerja.sqa.sqawebjavabddtestng.RunTest" name="workZero" time="11.038"/>
  <testcase classname="com.test.kerja.sqa.sqawebjavabddtestng.RunTest" name="workOne" time="0.939"/>
  <testcase classname="com.test.kerja.sqa.sqawebjavabddtestng.RunTest" name="workTwo" time="3.37"/>
</testsuite> <!-- Default test -->
